Watching for file changes with StatReloader
Not Found: /favicon.ico
Watching for file changes with StatReloader
Not Found: /favicon.ico
Watching for file changes with StatReloader
Watching for file changes with StatReloader
Used Materials: []
Used Materials: []
Expected Materials: []
Used Materials: []
Used Materials: []
Expected Materials: []
about to start panels csv upload
Processing row: {'panel_id': '92', 'panel_width': '2268', 'panel_length': '7351', 'panel_volume': '2.5', 'panel_position_x': '0', 'panel_position_y': '0', 'panel_rotation': '0', 'schedule_id': '23'}
Internal Server Error: /panels_upload/
Traceback (most recent call last):
  File "/Library/Frameworks/Python.framework/Versions/3.11/lib/python3.11/site-packages/django/core/handlers/exception.py", line 55, in inner
    response = get_response(request)
               ^^^^^^^^^^^^^^^^^^^^^
  File "/Library/Frameworks/Python.framework/Versions/3.11/lib/python3.11/site-packages/django/core/handlers/base.py", line 197, in _get_response
    response = wrapped_callback(request, *callback_args, **callback_kwargs)
               ^^^^^^^^^^^^^^^^^^^^^^^^^^^^^^^^^^^^^^^^^^^^^^^^^^^^^^^^^^^^
  File "/Library/Frameworks/Python.framework/Versions/3.11/lib/python3.11/site-packages/django/views/decorators/csrf.py", line 56, in wrapper_view
    return view_func(*args, **kwargs)
           ^^^^^^^^^^^^^^^^^^^^^^^^^^
  File "/Users/brianhooke/Library/Mobile Documents/com~apple~CloudDocs/Coding/precast_app/precast_app/homepage/views.py", line 348, in panels_upload
    schedule = Casting_schedule.objects.get(pk=schedule_id) if schedule_id else None
               ^^^^^^^^^^^^^^^^^^^^^^^^^^^^^^^^^^^^^^^^^^^^
  File "/Library/Frameworks/Python.framework/Versions/3.11/lib/python3.11/site-packages/django/db/models/manager.py", line 87, in manager_method
    return getattr(self.get_queryset(), name)(*args, **kwargs)
           ^^^^^^^^^^^^^^^^^^^^^^^^^^^^^^^^^^^^^^^^^^^^^^^^^^^
  File "/Library/Frameworks/Python.framework/Versions/3.11/lib/python3.11/site-packages/django/db/models/query.py", line 637, in get
    raise self.model.DoesNotExist(
homepage.models.Casting_schedule.DoesNotExist: Casting_schedule matching query does not exist.
Not Found: /favicon.ico
about to start materials_upload5
Processing row: {'material': 'Concrete', 'units': 'm3', 'rate': '260', 'supplier_id': '3', 'expected_wastage': '0.05', 'supplier_increments': '0.1'}
Internal Server Error: /materials_upload/
Traceback (most recent call last):
  File "/Library/Frameworks/Python.framework/Versions/3.11/lib/python3.11/site-packages/django/core/handlers/exception.py", line 55, in inner
    response = get_response(request)
               ^^^^^^^^^^^^^^^^^^^^^
  File "/Library/Frameworks/Python.framework/Versions/3.11/lib/python3.11/site-packages/django/core/handlers/base.py", line 197, in _get_response
    response = wrapped_callback(request, *callback_args, **callback_kwargs)
               ^^^^^^^^^^^^^^^^^^^^^^^^^^^^^^^^^^^^^^^^^^^^^^^^^^^^^^^^^^^^
  File "/Library/Frameworks/Python.framework/Versions/3.11/lib/python3.11/site-packages/django/views/decorators/csrf.py", line 56, in wrapper_view
    return view_func(*args, **kwargs)
           ^^^^^^^^^^^^^^^^^^^^^^^^^^
  File "/Users/brianhooke/Library/Mobile Documents/com~apple~CloudDocs/Coding/precast_app/precast_app/homepage/views.py", line 263, in materials_upload
    supplier_id = Suppliers.objects.get(supplier_id=row['supplier_id']) if row['supplier_id'] else None
    ^^^^^^^^^^^^^^^^^^^^^^^^^^^^^^^^^^^^^^^^^^^^^^^^^^^^^
  File "/Library/Frameworks/Python.framework/Versions/3.11/lib/python3.11/site-packages/django/db/models/manager.py", line 87, in manager_method
    return getattr(self.get_queryset(), name)(*args, **kwargs)
           ^^^^^^^^^^^^^^^^^^^^^^^^^^^^^^^^^^^^^^^^^^^^^^^^^^^
  File "/Library/Frameworks/Python.framework/Versions/3.11/lib/python3.11/site-packages/django/db/models/query.py", line 637, in get
    raise self.model.DoesNotExist(
homepage.models.Suppliers.DoesNotExist: Suppliers matching query does not exist.
about to start materials_upload5
Bad Request: /materials_upload/
Used Materials: []
Used Materials: []
Expected Materials: []
Used Materials: []
Used Materials: []
Expected Materials: []
Watching for file changes with StatReloader
Watching for file changes with StatReloader
Watching for file changes with StatReloader
Watching for file changes with StatReloader
Watching for file changes with StatReloader
Watching for file changes with StatReloader
Watching for file changes with StatReloader
Watching for file changes with StatReloader
Internal Server Error: /
Traceback (most recent call last):
  File "/Library/Frameworks/Python.framework/Versions/3.11/lib/python3.11/site-packages/django/db/backends/utils.py", line 89, in _execute
    return self.cursor.execute(sql, params)
           ^^^^^^^^^^^^^^^^^^^^^^^^^^^^^^^^
psycopg2.errors.UndefinedTable: relation "homepage_suppliers" does not exist
LINE 1: ...ers"."email", "homepage_suppliers"."webpage" FROM "homepage_...
                                                             ^


The above exception was the direct cause of the following exception:

Traceback (most recent call last):
  File "/Library/Frameworks/Python.framework/Versions/3.11/lib/python3.11/site-packages/django/core/handlers/exception.py", line 55, in inner
    response = get_response(request)
               ^^^^^^^^^^^^^^^^^^^^^
  File "/Library/Frameworks/Python.framework/Versions/3.11/lib/python3.11/site-packages/django/core/handlers/base.py", line 197, in _get_response
    response = wrapped_callback(request, *callback_args, **callback_kwargs)
               ^^^^^^^^^^^^^^^^^^^^^^^^^^^^^^^^^^^^^^^^^^^^^^^^^^^^^^^^^^^^
  File "/Users/brianhooke/Library/Mobile Documents/com~apple~CloudDocs/Coding/precast_app/precast_app/homepage/views.py", line 159, in home
    suppliers_dict = {supplier['supplier_id']: supplier['name'] for supplier in suppliers}
                     ^^^^^^^^^^^^^^^^^^^^^^^^^^^^^^^^^^^^^^^^^^^^^^^^^^^^^^^^^^^^^^^^^^^^^
  File "/Library/Frameworks/Python.framework/Versions/3.11/lib/python3.11/site-packages/django/db/models/query.py", line 398, in __iter__
    self._fetch_all()
  File "/Library/Frameworks/Python.framework/Versions/3.11/lib/python3.11/site-packages/django/db/models/query.py", line 1881, in _fetch_all
    self._result_cache = list(self._iterable_class(self))
                         ^^^^^^^^^^^^^^^^^^^^^^^^^^^^^^^^
  File "/Library/Frameworks/Python.framework/Versions/3.11/lib/python3.11/site-packages/django/db/models/query.py", line 208, in __iter__
    for row in compiler.results_iter(
               ^^^^^^^^^^^^^^^^^^^^^^
  File "/Library/Frameworks/Python.framework/Versions/3.11/lib/python3.11/site-packages/django/db/models/sql/compiler.py", line 1513, in results_iter
    results = self.execute_sql(
              ^^^^^^^^^^^^^^^^^
  File "/Library/Frameworks/Python.framework/Versions/3.11/lib/python3.11/site-packages/django/db/models/sql/compiler.py", line 1562, in execute_sql
    cursor.execute(sql, params)
  File "/Library/Frameworks/Python.framework/Versions/3.11/lib/python3.11/site-packages/django/db/backends/utils.py", line 102, in execute
    return super().execute(sql, params)
           ^^^^^^^^^^^^^^^^^^^^^^^^^^^^
  File "/Library/Frameworks/Python.framework/Versions/3.11/lib/python3.11/site-packages/django/db/backends/utils.py", line 67, in execute
    return self._execute_with_wrappers(
           ^^^^^^^^^^^^^^^^^^^^^^^^^^^^
  File "/Library/Frameworks/Python.framework/Versions/3.11/lib/python3.11/site-packages/django/db/backends/utils.py", line 80, in _execute_with_wrappers
    return executor(sql, params, many, context)
           ^^^^^^^^^^^^^^^^^^^^^^^^^^^^^^^^^^^^
  File "/Library/Frameworks/Python.framework/Versions/3.11/lib/python3.11/site-packages/django/db/backends/utils.py", line 84, in _execute
    with self.db.wrap_database_errors:
  File "/Library/Frameworks/Python.framework/Versions/3.11/lib/python3.11/site-packages/django/db/utils.py", line 91, in __exit__
    raise dj_exc_value.with_traceback(traceback) from exc_value
  File "/Library/Frameworks/Python.framework/Versions/3.11/lib/python3.11/site-packages/django/db/backends/utils.py", line 89, in _execute
    return self.cursor.execute(sql, params)
           ^^^^^^^^^^^^^^^^^^^^^^^^^^^^^^^^
django.db.utils.ProgrammingError: relation "homepage_suppliers" does not exist
LINE 1: ...ers"."email", "homepage_suppliers"."webpage" FROM "homepage_...
                                                             ^

Internal Server Error: /
Traceback (most recent call last):
  File "/Library/Frameworks/Python.framework/Versions/3.11/lib/python3.11/site-packages/django/db/backends/utils.py", line 89, in _execute
    return self.cursor.execute(sql, params)
           ^^^^^^^^^^^^^^^^^^^^^^^^^^^^^^^^
psycopg2.errors.UndefinedTable: relation "homepage_suppliers" does not exist
LINE 1: ...ers"."email", "homepage_suppliers"."webpage" FROM "homepage_...
                                                             ^


The above exception was the direct cause of the following exception:

Traceback (most recent call last):
  File "/Library/Frameworks/Python.framework/Versions/3.11/lib/python3.11/site-packages/django/core/handlers/exception.py", line 55, in inner
    response = get_response(request)
               ^^^^^^^^^^^^^^^^^^^^^
  File "/Library/Frameworks/Python.framework/Versions/3.11/lib/python3.11/site-packages/django/core/handlers/base.py", line 197, in _get_response
    response = wrapped_callback(request, *callback_args, **callback_kwargs)
               ^^^^^^^^^^^^^^^^^^^^^^^^^^^^^^^^^^^^^^^^^^^^^^^^^^^^^^^^^^^^
  File "/Users/brianhooke/Library/Mobile Documents/com~apple~CloudDocs/Coding/precast_app/precast_app/homepage/views.py", line 159, in home
    suppliers_dict = {supplier['supplier_id']: supplier['name'] for supplier in suppliers}
                     ^^^^^^^^^^^^^^^^^^^^^^^^^^^^^^^^^^^^^^^^^^^^^^^^^^^^^^^^^^^^^^^^^^^^^
  File "/Library/Frameworks/Python.framework/Versions/3.11/lib/python3.11/site-packages/django/db/models/query.py", line 398, in __iter__
    self._fetch_all()
  File "/Library/Frameworks/Python.framework/Versions/3.11/lib/python3.11/site-packages/django/db/models/query.py", line 1881, in _fetch_all
    self._result_cache = list(self._iterable_class(self))
                         ^^^^^^^^^^^^^^^^^^^^^^^^^^^^^^^^
  File "/Library/Frameworks/Python.framework/Versions/3.11/lib/python3.11/site-packages/django/db/models/query.py", line 208, in __iter__
    for row in compiler.results_iter(
               ^^^^^^^^^^^^^^^^^^^^^^
  File "/Library/Frameworks/Python.framework/Versions/3.11/lib/python3.11/site-packages/django/db/models/sql/compiler.py", line 1513, in results_iter
    results = self.execute_sql(
              ^^^^^^^^^^^^^^^^^
  File "/Library/Frameworks/Python.framework/Versions/3.11/lib/python3.11/site-packages/django/db/models/sql/compiler.py", line 1562, in execute_sql
    cursor.execute(sql, params)
  File "/Library/Frameworks/Python.framework/Versions/3.11/lib/python3.11/site-packages/django/db/backends/utils.py", line 102, in execute
    return super().execute(sql, params)
           ^^^^^^^^^^^^^^^^^^^^^^^^^^^^
  File "/Library/Frameworks/Python.framework/Versions/3.11/lib/python3.11/site-packages/django/db/backends/utils.py", line 67, in execute
    return self._execute_with_wrappers(
           ^^^^^^^^^^^^^^^^^^^^^^^^^^^^
  File "/Library/Frameworks/Python.framework/Versions/3.11/lib/python3.11/site-packages/django/db/backends/utils.py", line 80, in _execute_with_wrappers
    return executor(sql, params, many, context)
           ^^^^^^^^^^^^^^^^^^^^^^^^^^^^^^^^^^^^
  File "/Library/Frameworks/Python.framework/Versions/3.11/lib/python3.11/site-packages/django/db/backends/utils.py", line 84, in _execute
    with self.db.wrap_database_errors:
  File "/Library/Frameworks/Python.framework/Versions/3.11/lib/python3.11/site-packages/django/db/utils.py", line 91, in __exit__
    raise dj_exc_value.with_traceback(traceback) from exc_value
  File "/Library/Frameworks/Python.framework/Versions/3.11/lib/python3.11/site-packages/django/db/backends/utils.py", line 89, in _execute
    return self.cursor.execute(sql, params)
           ^^^^^^^^^^^^^^^^^^^^^^^^^^^^^^^^
django.db.utils.ProgrammingError: relation "homepage_suppliers" does not exist
LINE 1: ...ers"."email", "homepage_suppliers"."webpage" FROM "homepage_...
                                                             ^

Not Found: /favicon.ico
Internal Server Error: /admin/
Traceback (most recent call last):
  File "/Library/Frameworks/Python.framework/Versions/3.11/lib/python3.11/site-packages/django/contrib/sessions/backends/base.py", line 187, in _get_session
    return self._session_cache
           ^^^^^^^^^^^^^^^^^^^
AttributeError: 'SessionStore' object has no attribute '_session_cache'

During handling of the above exception, another exception occurred:

Traceback (most recent call last):
  File "/Library/Frameworks/Python.framework/Versions/3.11/lib/python3.11/site-packages/django/db/backends/utils.py", line 89, in _execute
    return self.cursor.execute(sql, params)
           ^^^^^^^^^^^^^^^^^^^^^^^^^^^^^^^^
psycopg2.errors.UndefinedTable: relation "django_session" does not exist
LINE 1: ...ession_data", "django_session"."expire_date" FROM "django_se...
                                                             ^


The above exception was the direct cause of the following exception:

Traceback (most recent call last):
  File "/Library/Frameworks/Python.framework/Versions/3.11/lib/python3.11/site-packages/django/core/handlers/exception.py", line 55, in inner
    response = get_response(request)
               ^^^^^^^^^^^^^^^^^^^^^
  File "/Library/Frameworks/Python.framework/Versions/3.11/lib/python3.11/site-packages/django/core/handlers/base.py", line 197, in _get_response
    response = wrapped_callback(request, *callback_args, **callback_kwargs)
               ^^^^^^^^^^^^^^^^^^^^^^^^^^^^^^^^^^^^^^^^^^^^^^^^^^^^^^^^^^^^
  File "/Library/Frameworks/Python.framework/Versions/3.11/lib/python3.11/site-packages/django/contrib/admin/sites.py", line 261, in wrapper
    return self.admin_view(view, cacheable)(*args, **kwargs)
           ^^^^^^^^^^^^^^^^^^^^^^^^^^^^^^^^^^^^^^^^^^^^^^^^^
  File "/Library/Frameworks/Python.framework/Versions/3.11/lib/python3.11/site-packages/django/utils/decorators.py", line 134, in _wrapper_view
    response = view_func(request, *args, **kwargs)
               ^^^^^^^^^^^^^^^^^^^^^^^^^^^^^^^^^^^
  File "/Library/Frameworks/Python.framework/Versions/3.11/lib/python3.11/site-packages/django/views/decorators/cache.py", line 62, in _wrapper_view_func
    response = view_func(request, *args, **kwargs)
               ^^^^^^^^^^^^^^^^^^^^^^^^^^^^^^^^^^^
  File "/Library/Frameworks/Python.framework/Versions/3.11/lib/python3.11/site-packages/django/contrib/admin/sites.py", line 230, in inner
    if not self.has_permission(request):
           ^^^^^^^^^^^^^^^^^^^^^^^^^^^^
  File "/Library/Frameworks/Python.framework/Versions/3.11/lib/python3.11/site-packages/django/contrib/admin/sites.py", line 203, in has_permission
    return request.user.is_active and request.user.is_staff
           ^^^^^^^^^^^^^^^^^^^^^^
  File "/Library/Frameworks/Python.framework/Versions/3.11/lib/python3.11/site-packages/django/utils/functional.py", line 266, in inner
    self._setup()
  File "/Library/Frameworks/Python.framework/Versions/3.11/lib/python3.11/site-packages/django/utils/functional.py", line 419, in _setup
    self._wrapped = self._setupfunc()
                    ^^^^^^^^^^^^^^^^^
  File "/Library/Frameworks/Python.framework/Versions/3.11/lib/python3.11/site-packages/django/contrib/auth/middleware.py", line 25, in <lambda>
    request.user = SimpleLazyObject(lambda: get_user(request))
                                            ^^^^^^^^^^^^^^^^^
  File "/Library/Frameworks/Python.framework/Versions/3.11/lib/python3.11/site-packages/django/contrib/auth/middleware.py", line 11, in get_user
    request._cached_user = auth.get_user(request)
                           ^^^^^^^^^^^^^^^^^^^^^^
  File "/Library/Frameworks/Python.framework/Versions/3.11/lib/python3.11/site-packages/django/contrib/auth/__init__.py", line 191, in get_user
    user_id = _get_user_session_key(request)
              ^^^^^^^^^^^^^^^^^^^^^^^^^^^^^^
  File "/Library/Frameworks/Python.framework/Versions/3.11/lib/python3.11/site-packages/django/contrib/auth/__init__.py", line 60, in _get_user_session_key
    return get_user_model()._meta.pk.to_python(request.session[SESSION_KEY])
                                               ~~~~~~~~~~~~~~~^^^^^^^^^^^^^
  File "/Library/Frameworks/Python.framework/Versions/3.11/lib/python3.11/site-packages/django/contrib/sessions/backends/base.py", line 53, in __getitem__
    return self._session[key]
           ^^^^^^^^^^^^^
  File "/Library/Frameworks/Python.framework/Versions/3.11/lib/python3.11/site-packages/django/contrib/sessions/backends/base.py", line 192, in _get_session
    self._session_cache = self.load()
                          ^^^^^^^^^^^
  File "/Library/Frameworks/Python.framework/Versions/3.11/lib/python3.11/site-packages/django/contrib/sessions/backends/db.py", line 42, in load
    s = self._get_session_from_db()
        ^^^^^^^^^^^^^^^^^^^^^^^^^^^
  File "/Library/Frameworks/Python.framework/Versions/3.11/lib/python3.11/site-packages/django/contrib/sessions/backends/db.py", line 32, in _get_session_from_db
    return self.model.objects.get(
           ^^^^^^^^^^^^^^^^^^^^^^^
  File "/Library/Frameworks/Python.framework/Versions/3.11/lib/python3.11/site-packages/django/db/models/manager.py", line 87, in manager_method
    return getattr(self.get_queryset(), name)(*args, **kwargs)
           ^^^^^^^^^^^^^^^^^^^^^^^^^^^^^^^^^^^^^^^^^^^^^^^^^^^
  File "/Library/Frameworks/Python.framework/Versions/3.11/lib/python3.11/site-packages/django/db/models/query.py", line 633, in get
    num = len(clone)
          ^^^^^^^^^^
  File "/Library/Frameworks/Python.framework/Versions/3.11/lib/python3.11/site-packages/django/db/models/query.py", line 380, in __len__
    self._fetch_all()
  File "/Library/Frameworks/Python.framework/Versions/3.11/lib/python3.11/site-packages/django/db/models/query.py", line 1881, in _fetch_all
    self._result_cache = list(self._iterable_class(self))
                         ^^^^^^^^^^^^^^^^^^^^^^^^^^^^^^^^
  File "/Library/Frameworks/Python.framework/Versions/3.11/lib/python3.11/site-packages/django/db/models/query.py", line 91, in __iter__
    results = compiler.execute_sql(
              ^^^^^^^^^^^^^^^^^^^^^
  File "/Library/Frameworks/Python.framework/Versions/3.11/lib/python3.11/site-packages/django/db/models/sql/compiler.py", line 1562, in execute_sql
    cursor.execute(sql, params)
  File "/Library/Frameworks/Python.framework/Versions/3.11/lib/python3.11/site-packages/django/db/backends/utils.py", line 102, in execute
    return super().execute(sql, params)
           ^^^^^^^^^^^^^^^^^^^^^^^^^^^^
  File "/Library/Frameworks/Python.framework/Versions/3.11/lib/python3.11/site-packages/django/db/backends/utils.py", line 67, in execute
    return self._execute_with_wrappers(
           ^^^^^^^^^^^^^^^^^^^^^^^^^^^^
  File "/Library/Frameworks/Python.framework/Versions/3.11/lib/python3.11/site-packages/django/db/backends/utils.py", line 80, in _execute_with_wrappers
    return executor(sql, params, many, context)
           ^^^^^^^^^^^^^^^^^^^^^^^^^^^^^^^^^^^^
  File "/Library/Frameworks/Python.framework/Versions/3.11/lib/python3.11/site-packages/django/db/backends/utils.py", line 84, in _execute
    with self.db.wrap_database_errors:
  File "/Library/Frameworks/Python.framework/Versions/3.11/lib/python3.11/site-packages/django/db/utils.py", line 91, in __exit__
    raise dj_exc_value.with_traceback(traceback) from exc_value
  File "/Library/Frameworks/Python.framework/Versions/3.11/lib/python3.11/site-packages/django/db/backends/utils.py", line 89, in _execute
    return self.cursor.execute(sql, params)
           ^^^^^^^^^^^^^^^^^^^^^^^^^^^^^^^^
django.db.utils.ProgrammingError: relation "django_session" does not exist
LINE 1: ...ession_data", "django_session"."expire_date" FROM "django_se...
                                                             ^

Internal Server Error: /admin/
Traceback (most recent call last):
  File "/Library/Frameworks/Python.framework/Versions/3.11/lib/python3.11/site-packages/django/contrib/sessions/backends/base.py", line 187, in _get_session
    return self._session_cache
           ^^^^^^^^^^^^^^^^^^^
AttributeError: 'SessionStore' object has no attribute '_session_cache'

During handling of the above exception, another exception occurred:

Traceback (most recent call last):
  File "/Library/Frameworks/Python.framework/Versions/3.11/lib/python3.11/site-packages/django/db/backends/utils.py", line 89, in _execute
    return self.cursor.execute(sql, params)
           ^^^^^^^^^^^^^^^^^^^^^^^^^^^^^^^^
psycopg2.errors.UndefinedTable: relation "django_session" does not exist
LINE 1: ...ession_data", "django_session"."expire_date" FROM "django_se...
                                                             ^


The above exception was the direct cause of the following exception:

Traceback (most recent call last):
  File "/Library/Frameworks/Python.framework/Versions/3.11/lib/python3.11/site-packages/django/core/handlers/exception.py", line 55, in inner
    response = get_response(request)
               ^^^^^^^^^^^^^^^^^^^^^
  File "/Library/Frameworks/Python.framework/Versions/3.11/lib/python3.11/site-packages/django/core/handlers/base.py", line 197, in _get_response
    response = wrapped_callback(request, *callback_args, **callback_kwargs)
               ^^^^^^^^^^^^^^^^^^^^^^^^^^^^^^^^^^^^^^^^^^^^^^^^^^^^^^^^^^^^
  File "/Library/Frameworks/Python.framework/Versions/3.11/lib/python3.11/site-packages/django/contrib/admin/sites.py", line 261, in wrapper
    return self.admin_view(view, cacheable)(*args, **kwargs)
           ^^^^^^^^^^^^^^^^^^^^^^^^^^^^^^^^^^^^^^^^^^^^^^^^^
  File "/Library/Frameworks/Python.framework/Versions/3.11/lib/python3.11/site-packages/django/utils/decorators.py", line 134, in _wrapper_view
    response = view_func(request, *args, **kwargs)
               ^^^^^^^^^^^^^^^^^^^^^^^^^^^^^^^^^^^
  File "/Library/Frameworks/Python.framework/Versions/3.11/lib/python3.11/site-packages/django/views/decorators/cache.py", line 62, in _wrapper_view_func
    response = view_func(request, *args, **kwargs)
               ^^^^^^^^^^^^^^^^^^^^^^^^^^^^^^^^^^^
  File "/Library/Frameworks/Python.framework/Versions/3.11/lib/python3.11/site-packages/django/contrib/admin/sites.py", line 230, in inner
    if not self.has_permission(request):
           ^^^^^^^^^^^^^^^^^^^^^^^^^^^^
  File "/Library/Frameworks/Python.framework/Versions/3.11/lib/python3.11/site-packages/django/contrib/admin/sites.py", line 203, in has_permission
    return request.user.is_active and request.user.is_staff
           ^^^^^^^^^^^^^^^^^^^^^^
  File "/Library/Frameworks/Python.framework/Versions/3.11/lib/python3.11/site-packages/django/utils/functional.py", line 266, in inner
    self._setup()
  File "/Library/Frameworks/Python.framework/Versions/3.11/lib/python3.11/site-packages/django/utils/functional.py", line 419, in _setup
    self._wrapped = self._setupfunc()
                    ^^^^^^^^^^^^^^^^^
  File "/Library/Frameworks/Python.framework/Versions/3.11/lib/python3.11/site-packages/django/contrib/auth/middleware.py", line 25, in <lambda>
    request.user = SimpleLazyObject(lambda: get_user(request))
                                            ^^^^^^^^^^^^^^^^^
  File "/Library/Frameworks/Python.framework/Versions/3.11/lib/python3.11/site-packages/django/contrib/auth/middleware.py", line 11, in get_user
    request._cached_user = auth.get_user(request)
                           ^^^^^^^^^^^^^^^^^^^^^^
  File "/Library/Frameworks/Python.framework/Versions/3.11/lib/python3.11/site-packages/django/contrib/auth/__init__.py", line 191, in get_user
    user_id = _get_user_session_key(request)
              ^^^^^^^^^^^^^^^^^^^^^^^^^^^^^^
  File "/Library/Frameworks/Python.framework/Versions/3.11/lib/python3.11/site-packages/django/contrib/auth/__init__.py", line 60, in _get_user_session_key
    return get_user_model()._meta.pk.to_python(request.session[SESSION_KEY])
                                               ~~~~~~~~~~~~~~~^^^^^^^^^^^^^
  File "/Library/Frameworks/Python.framework/Versions/3.11/lib/python3.11/site-packages/django/contrib/sessions/backends/base.py", line 53, in __getitem__
    return self._session[key]
           ^^^^^^^^^^^^^
  File "/Library/Frameworks/Python.framework/Versions/3.11/lib/python3.11/site-packages/django/contrib/sessions/backends/base.py", line 192, in _get_session
    self._session_cache = self.load()
                          ^^^^^^^^^^^
  File "/Library/Frameworks/Python.framework/Versions/3.11/lib/python3.11/site-packages/django/contrib/sessions/backends/db.py", line 42, in load
    s = self._get_session_from_db()
        ^^^^^^^^^^^^^^^^^^^^^^^^^^^
  File "/Library/Frameworks/Python.framework/Versions/3.11/lib/python3.11/site-packages/django/contrib/sessions/backends/db.py", line 32, in _get_session_from_db
    return self.model.objects.get(
           ^^^^^^^^^^^^^^^^^^^^^^^
  File "/Library/Frameworks/Python.framework/Versions/3.11/lib/python3.11/site-packages/django/db/models/manager.py", line 87, in manager_method
    return getattr(self.get_queryset(), name)(*args, **kwargs)
           ^^^^^^^^^^^^^^^^^^^^^^^^^^^^^^^^^^^^^^^^^^^^^^^^^^^
  File "/Library/Frameworks/Python.framework/Versions/3.11/lib/python3.11/site-packages/django/db/models/query.py", line 633, in get
    num = len(clone)
          ^^^^^^^^^^
  File "/Library/Frameworks/Python.framework/Versions/3.11/lib/python3.11/site-packages/django/db/models/query.py", line 380, in __len__
    self._fetch_all()
  File "/Library/Frameworks/Python.framework/Versions/3.11/lib/python3.11/site-packages/django/db/models/query.py", line 1881, in _fetch_all
    self._result_cache = list(self._iterable_class(self))
                         ^^^^^^^^^^^^^^^^^^^^^^^^^^^^^^^^
  File "/Library/Frameworks/Python.framework/Versions/3.11/lib/python3.11/site-packages/django/db/models/query.py", line 91, in __iter__
    results = compiler.execute_sql(
              ^^^^^^^^^^^^^^^^^^^^^
  File "/Library/Frameworks/Python.framework/Versions/3.11/lib/python3.11/site-packages/django/db/models/sql/compiler.py", line 1562, in execute_sql
    cursor.execute(sql, params)
  File "/Library/Frameworks/Python.framework/Versions/3.11/lib/python3.11/site-packages/django/db/backends/utils.py", line 102, in execute
    return super().execute(sql, params)
           ^^^^^^^^^^^^^^^^^^^^^^^^^^^^
  File "/Library/Frameworks/Python.framework/Versions/3.11/lib/python3.11/site-packages/django/db/backends/utils.py", line 67, in execute
    return self._execute_with_wrappers(
           ^^^^^^^^^^^^^^^^^^^^^^^^^^^^
  File "/Library/Frameworks/Python.framework/Versions/3.11/lib/python3.11/site-packages/django/db/backends/utils.py", line 80, in _execute_with_wrappers
    return executor(sql, params, many, context)
           ^^^^^^^^^^^^^^^^^^^^^^^^^^^^^^^^^^^^
  File "/Library/Frameworks/Python.framework/Versions/3.11/lib/python3.11/site-packages/django/db/backends/utils.py", line 84, in _execute
    with self.db.wrap_database_errors:
  File "/Library/Frameworks/Python.framework/Versions/3.11/lib/python3.11/site-packages/django/db/utils.py", line 91, in __exit__
    raise dj_exc_value.with_traceback(traceback) from exc_value
  File "/Library/Frameworks/Python.framework/Versions/3.11/lib/python3.11/site-packages/django/db/backends/utils.py", line 89, in _execute
    return self.cursor.execute(sql, params)
           ^^^^^^^^^^^^^^^^^^^^^^^^^^^^^^^^
django.db.utils.ProgrammingError: relation "django_session" does not exist
LINE 1: ...ession_data", "django_session"."expire_date" FROM "django_se...
                                                             ^

Watching for file changes with StatReloader
Not Found: /favicon.ico
Watching for file changes with StatReloader
Not Found: /favicon.ico
Watching for file changes with StatReloader
Not Found: /favicon.ico
Not Found: /favicon.ico
Used Materials: []
Used Materials: []
Expected Materials: []
Used Materials: []
Used Materials: []
Expected Materials: []
Used Materials: []
Used Materials: []
Expected Materials: []
Used Materials: []
Used Materials: []
Expected Materials: []
Watching for file changes with StatReloader
Used Materials: [{'panel_id': 32, 'material_id': 236, 'material': 'Concrete', 'used_quantity': Decimal('0.4487309644670050761421319798')}, {'panel_id': 86, 'material_id': 236, 'material': 'Concrete', 'used_quantity': Decimal('0.3695431472081218274111675128')}, {'panel_id': 87, 'material_id': 236, 'material': 'Concrete', 'used_quantity': Decimal('0.6071065989847715736040609138')}, {'panel_id': 35, 'material_id': 236, 'material': 'Concrete', 'used_quantity': Decimal('0.7390862944162436548223350255')}, {'panel_id': 34, 'material_id': 236, 'material': 'Concrete', 'used_quantity': Decimal('0.7390862944162436548223350255')}, {'panel_id': 29, 'material_id': 236, 'material': 'Concrete', 'used_quantity': Decimal('0.7126903553299492385786802032')}, {'panel_id': 89, 'material_id': 236, 'material': 'Concrete', 'used_quantity': Decimal('0.6335025380710659898477157362')}, {'panel_id': 80, 'material_id': 236, 'material': 'Concrete', 'used_quantity': Decimal('0.2375634517766497461928934011')}, {'panel_id': 28, 'material_id': 236, 'material': 'Concrete', 'used_quantity': Decimal('0.7126903553299492385786802032')}, {'panel_id': 89, 'material_id': 236, 'material': 'Concrete', 'used_quantity': Decimal('2.440000000000000000000000001')}, {'panel_id': 80, 'material_id': 236, 'material': 'Concrete', 'used_quantity': Decimal('0.9150000000000000000000000003')}, {'panel_id': 28, 'material_id': 236, 'material': 'Concrete', 'used_quantity': Decimal('2.745000000000000000000000001')}, {'panel_id': 87, 'material_id': 236, 'material': 'Concrete', 'used_quantity': Decimal('2.603773584905660377358490565')}, {'panel_id': 35, 'material_id': 236, 'material': 'Concrete', 'used_quantity': Decimal('3.169811320754716981132075471')}, {'panel_id': 34, 'material_id': 236, 'material': 'Concrete', 'used_quantity': Decimal('3.169811320754716981132075471')}, {'panel_id': 29, 'material_id': 236, 'material': 'Concrete', 'used_quantity': Decimal('3.056603773584905660377358490')}, {'panel_id': 32, 'material_id': 236, 'material': 'Concrete', 'used_quantity': Decimal('1.754838709677419354838709677')}, {'panel_id': 86, 'material_id': 236, 'material': 'Concrete', 'used_quantity': Decimal('1.445161290322580645161290322')}]
Used Materials: [{'panel_id': 32, 'material_id': 236, 'material': 'Concrete', 'used_quantity': Decimal('0.4487309644670050761421319798')}, {'panel_id': 86, 'material_id': 236, 'material': 'Concrete', 'used_quantity': Decimal('0.3695431472081218274111675128')}, {'panel_id': 87, 'material_id': 236, 'material': 'Concrete', 'used_quantity': Decimal('0.6071065989847715736040609138')}, {'panel_id': 35, 'material_id': 236, 'material': 'Concrete', 'used_quantity': Decimal('0.7390862944162436548223350255')}, {'panel_id': 34, 'material_id': 236, 'material': 'Concrete', 'used_quantity': Decimal('0.7390862944162436548223350255')}, {'panel_id': 29, 'material_id': 236, 'material': 'Concrete', 'used_quantity': Decimal('0.7126903553299492385786802032')}, {'panel_id': 89, 'material_id': 236, 'material': 'Concrete', 'used_quantity': Decimal('0.6335025380710659898477157362')}, {'panel_id': 80, 'material_id': 236, 'material': 'Concrete', 'used_quantity': Decimal('0.2375634517766497461928934011')}, {'panel_id': 28, 'material_id': 236, 'material': 'Concrete', 'used_quantity': Decimal('0.7126903553299492385786802032')}, {'panel_id': 89, 'material_id': 236, 'material': 'Concrete', 'used_quantity': Decimal('2.440000000000000000000000001')}, {'panel_id': 80, 'material_id': 236, 'material': 'Concrete', 'used_quantity': Decimal('0.9150000000000000000000000003')}, {'panel_id': 28, 'material_id': 236, 'material': 'Concrete', 'used_quantity': Decimal('2.745000000000000000000000001')}, {'panel_id': 87, 'material_id': 236, 'material': 'Concrete', 'used_quantity': Decimal('2.603773584905660377358490565')}, {'panel_id': 35, 'material_id': 236, 'material': 'Concrete', 'used_quantity': Decimal('3.169811320754716981132075471')}, {'panel_id': 34, 'material_id': 236, 'material': 'Concrete', 'used_quantity': Decimal('3.169811320754716981132075471')}, {'panel_id': 29, 'material_id': 236, 'material': 'Concrete', 'used_quantity': Decimal('3.056603773584905660377358490')}, {'panel_id': 32, 'material_id': 236, 'material': 'Concrete', 'used_quantity': Decimal('1.754838709677419354838709677')}, {'panel_id': 86, 'material_id': 236, 'material': 'Concrete', 'used_quantity': Decimal('1.445161290322580645161290322')}]
Expected Materials: [{'panel_id': 80, 'material_id': 236, 'material': 'Concrete', 'expected_theoretical_quantity': Decimal('0.9000000000'), 'tendered_quantity': Decimal('0.945000000000')}, {'panel_id': 86, 'material_id': 236, 'material': 'Concrete', 'expected_theoretical_quantity': Decimal('1.4000000000'), 'tendered_quantity': Decimal('1.470000000000')}, {'panel_id': 32, 'material_id': 236, 'material': 'Concrete', 'expected_theoretical_quantity': Decimal('1.7000000000'), 'tendered_quantity': Decimal('1.785000000000')}, {'panel_id': 89, 'material_id': 236, 'material': 'Concrete', 'expected_theoretical_quantity': Decimal('2.4000000000'), 'tendered_quantity': Decimal('2.520000000000')}, {'panel_id': 87, 'material_id': 236, 'material': 'Concrete', 'expected_theoretical_quantity': Decimal('2.3000000000'), 'tendered_quantity': Decimal('2.415000000000')}, {'panel_id': 28, 'material_id': 236, 'material': 'Concrete', 'expected_theoretical_quantity': Decimal('2.7000000000'), 'tendered_quantity': Decimal('2.835000000000')}, {'panel_id': 34, 'material_id': 236, 'material': 'Concrete', 'expected_theoretical_quantity': Decimal('2.8000000000'), 'tendered_quantity': Decimal('2.940000000000')}, {'panel_id': 29, 'material_id': 236, 'material': 'Concrete', 'expected_theoretical_quantity': Decimal('2.7000000000'), 'tendered_quantity': Decimal('2.835000000000')}, {'panel_id': 35, 'material_id': 236, 'material': 'Concrete', 'expected_theoretical_quantity': Decimal('2.8000000000'), 'tendered_quantity': Decimal('2.940000000000')}]
Used Materials: [{'panel_id': 32, 'material_id': 236, 'material': 'Concrete', 'used_quantity': Decimal('0.4487309644670050761421319798')}, {'panel_id': 86, 'material_id': 236, 'material': 'Concrete', 'used_quantity': Decimal('0.3695431472081218274111675128')}, {'panel_id': 87, 'material_id': 236, 'material': 'Concrete', 'used_quantity': Decimal('0.6071065989847715736040609138')}, {'panel_id': 35, 'material_id': 236, 'material': 'Concrete', 'used_quantity': Decimal('0.7390862944162436548223350255')}, {'panel_id': 34, 'material_id': 236, 'material': 'Concrete', 'used_quantity': Decimal('0.7390862944162436548223350255')}, {'panel_id': 29, 'material_id': 236, 'material': 'Concrete', 'used_quantity': Decimal('0.7126903553299492385786802032')}, {'panel_id': 89, 'material_id': 236, 'material': 'Concrete', 'used_quantity': Decimal('0.6335025380710659898477157362')}, {'panel_id': 80, 'material_id': 236, 'material': 'Concrete', 'used_quantity': Decimal('0.2375634517766497461928934011')}, {'panel_id': 28, 'material_id': 236, 'material': 'Concrete', 'used_quantity': Decimal('0.7126903553299492385786802032')}, {'panel_id': 89, 'material_id': 236, 'material': 'Concrete', 'used_quantity': Decimal('2.440000000000000000000000001')}, {'panel_id': 80, 'material_id': 236, 'material': 'Concrete', 'used_quantity': Decimal('0.9150000000000000000000000003')}, {'panel_id': 28, 'material_id': 236, 'material': 'Concrete', 'used_quantity': Decimal('2.745000000000000000000000001')}, {'panel_id': 87, 'material_id': 236, 'material': 'Concrete', 'used_quantity': Decimal('2.603773584905660377358490565')}, {'panel_id': 35, 'material_id': 236, 'material': 'Concrete', 'used_quantity': Decimal('3.169811320754716981132075471')}, {'panel_id': 34, 'material_id': 236, 'material': 'Concrete', 'used_quantity': Decimal('3.169811320754716981132075471')}, {'panel_id': 29, 'material_id': 236, 'material': 'Concrete', 'used_quantity': Decimal('3.056603773584905660377358490')}, {'panel_id': 32, 'material_id': 236, 'material': 'Concrete', 'used_quantity': Decimal('1.754838709677419354838709677')}, {'panel_id': 86, 'material_id': 236, 'material': 'Concrete', 'used_quantity': Decimal('1.445161290322580645161290322')}]
Used Materials: [{'panel_id': 32, 'material_id': 236, 'material': 'Concrete', 'used_quantity': Decimal('0.4487309644670050761421319798')}, {'panel_id': 86, 'material_id': 236, 'material': 'Concrete', 'used_quantity': Decimal('0.3695431472081218274111675128')}, {'panel_id': 87, 'material_id': 236, 'material': 'Concrete', 'used_quantity': Decimal('0.6071065989847715736040609138')}, {'panel_id': 35, 'material_id': 236, 'material': 'Concrete', 'used_quantity': Decimal('0.7390862944162436548223350255')}, {'panel_id': 34, 'material_id': 236, 'material': 'Concrete', 'used_quantity': Decimal('0.7390862944162436548223350255')}, {'panel_id': 29, 'material_id': 236, 'material': 'Concrete', 'used_quantity': Decimal('0.7126903553299492385786802032')}, {'panel_id': 89, 'material_id': 236, 'material': 'Concrete', 'used_quantity': Decimal('0.6335025380710659898477157362')}, {'panel_id': 80, 'material_id': 236, 'material': 'Concrete', 'used_quantity': Decimal('0.2375634517766497461928934011')}, {'panel_id': 28, 'material_id': 236, 'material': 'Concrete', 'used_quantity': Decimal('0.7126903553299492385786802032')}, {'panel_id': 89, 'material_id': 236, 'material': 'Concrete', 'used_quantity': Decimal('2.440000000000000000000000001')}, {'panel_id': 80, 'material_id': 236, 'material': 'Concrete', 'used_quantity': Decimal('0.9150000000000000000000000003')}, {'panel_id': 28, 'material_id': 236, 'material': 'Concrete', 'used_quantity': Decimal('2.745000000000000000000000001')}, {'panel_id': 87, 'material_id': 236, 'material': 'Concrete', 'used_quantity': Decimal('2.603773584905660377358490565')}, {'panel_id': 35, 'material_id': 236, 'material': 'Concrete', 'used_quantity': Decimal('3.169811320754716981132075471')}, {'panel_id': 34, 'material_id': 236, 'material': 'Concrete', 'used_quantity': Decimal('3.169811320754716981132075471')}, {'panel_id': 29, 'material_id': 236, 'material': 'Concrete', 'used_quantity': Decimal('3.056603773584905660377358490')}, {'panel_id': 32, 'material_id': 236, 'material': 'Concrete', 'used_quantity': Decimal('1.754838709677419354838709677')}, {'panel_id': 86, 'material_id': 236, 'material': 'Concrete', 'used_quantity': Decimal('1.445161290322580645161290322')}]
Expected Materials: [{'panel_id': 80, 'material_id': 236, 'material': 'Concrete', 'expected_theoretical_quantity': Decimal('0.9000000000'), 'tendered_quantity': Decimal('0.945000000000')}, {'panel_id': 86, 'material_id': 236, 'material': 'Concrete', 'expected_theoretical_quantity': Decimal('1.4000000000'), 'tendered_quantity': Decimal('1.470000000000')}, {'panel_id': 32, 'material_id': 236, 'material': 'Concrete', 'expected_theoretical_quantity': Decimal('1.7000000000'), 'tendered_quantity': Decimal('1.785000000000')}, {'panel_id': 89, 'material_id': 236, 'material': 'Concrete', 'expected_theoretical_quantity': Decimal('2.4000000000'), 'tendered_quantity': Decimal('2.520000000000')}, {'panel_id': 87, 'material_id': 236, 'material': 'Concrete', 'expected_theoretical_quantity': Decimal('2.3000000000'), 'tendered_quantity': Decimal('2.415000000000')}, {'panel_id': 28, 'material_id': 236, 'material': 'Concrete', 'expected_theoretical_quantity': Decimal('2.7000000000'), 'tendered_quantity': Decimal('2.835000000000')}, {'panel_id': 34, 'material_id': 236, 'material': 'Concrete', 'expected_theoretical_quantity': Decimal('2.8000000000'), 'tendered_quantity': Decimal('2.940000000000')}, {'panel_id': 29, 'material_id': 236, 'material': 'Concrete', 'expected_theoretical_quantity': Decimal('2.7000000000'), 'tendered_quantity': Decimal('2.835000000000')}, {'panel_id': 35, 'material_id': 236, 'material': 'Concrete', 'expected_theoretical_quantity': Decimal('2.8000000000'), 'tendered_quantity': Decimal('2.940000000000')}]
Not Found: /favicon.ico
Used Materials: [{'panel_id': 32, 'material_id': 236, 'material': 'Concrete', 'used_quantity': Decimal('0.4487309644670050761421319798')}, {'panel_id': 86, 'material_id': 236, 'material': 'Concrete', 'used_quantity': Decimal('0.3695431472081218274111675128')}, {'panel_id': 87, 'material_id': 236, 'material': 'Concrete', 'used_quantity': Decimal('0.6071065989847715736040609138')}, {'panel_id': 35, 'material_id': 236, 'material': 'Concrete', 'used_quantity': Decimal('0.7390862944162436548223350255')}, {'panel_id': 34, 'material_id': 236, 'material': 'Concrete', 'used_quantity': Decimal('0.7390862944162436548223350255')}, {'panel_id': 29, 'material_id': 236, 'material': 'Concrete', 'used_quantity': Decimal('0.7126903553299492385786802032')}, {'panel_id': 89, 'material_id': 236, 'material': 'Concrete', 'used_quantity': Decimal('0.6335025380710659898477157362')}, {'panel_id': 80, 'material_id': 236, 'material': 'Concrete', 'used_quantity': Decimal('0.2375634517766497461928934011')}, {'panel_id': 28, 'material_id': 236, 'material': 'Concrete', 'used_quantity': Decimal('0.7126903553299492385786802032')}, {'panel_id': 89, 'material_id': 236, 'material': 'Concrete', 'used_quantity': Decimal('2.440000000000000000000000001')}, {'panel_id': 80, 'material_id': 236, 'material': 'Concrete', 'used_quantity': Decimal('0.9150000000000000000000000003')}, {'panel_id': 28, 'material_id': 236, 'material': 'Concrete', 'used_quantity': Decimal('2.745000000000000000000000001')}, {'panel_id': 87, 'material_id': 236, 'material': 'Concrete', 'used_quantity': Decimal('2.603773584905660377358490565')}, {'panel_id': 35, 'material_id': 236, 'material': 'Concrete', 'used_quantity': Decimal('3.169811320754716981132075471')}, {'panel_id': 34, 'material_id': 236, 'material': 'Concrete', 'used_quantity': Decimal('3.169811320754716981132075471')}, {'panel_id': 29, 'material_id': 236, 'material': 'Concrete', 'used_quantity': Decimal('3.056603773584905660377358490')}, {'panel_id': 32, 'material_id': 236, 'material': 'Concrete', 'used_quantity': Decimal('1.754838709677419354838709677')}, {'panel_id': 86, 'material_id': 236, 'material': 'Concrete', 'used_quantity': Decimal('1.445161290322580645161290322')}]
Used Materials: [{'panel_id': 32, 'material_id': 236, 'material': 'Concrete', 'used_quantity': Decimal('0.4487309644670050761421319798')}, {'panel_id': 86, 'material_id': 236, 'material': 'Concrete', 'used_quantity': Decimal('0.3695431472081218274111675128')}, {'panel_id': 87, 'material_id': 236, 'material': 'Concrete', 'used_quantity': Decimal('0.6071065989847715736040609138')}, {'panel_id': 35, 'material_id': 236, 'material': 'Concrete', 'used_quantity': Decimal('0.7390862944162436548223350255')}, {'panel_id': 34, 'material_id': 236, 'material': 'Concrete', 'used_quantity': Decimal('0.7390862944162436548223350255')}, {'panel_id': 29, 'material_id': 236, 'material': 'Concrete', 'used_quantity': Decimal('0.7126903553299492385786802032')}, {'panel_id': 89, 'material_id': 236, 'material': 'Concrete', 'used_quantity': Decimal('0.6335025380710659898477157362')}, {'panel_id': 80, 'material_id': 236, 'material': 'Concrete', 'used_quantity': Decimal('0.2375634517766497461928934011')}, {'panel_id': 28, 'material_id': 236, 'material': 'Concrete', 'used_quantity': Decimal('0.7126903553299492385786802032')}, {'panel_id': 89, 'material_id': 236, 'material': 'Concrete', 'used_quantity': Decimal('2.440000000000000000000000001')}, {'panel_id': 80, 'material_id': 236, 'material': 'Concrete', 'used_quantity': Decimal('0.9150000000000000000000000003')}, {'panel_id': 28, 'material_id': 236, 'material': 'Concrete', 'used_quantity': Decimal('2.745000000000000000000000001')}, {'panel_id': 87, 'material_id': 236, 'material': 'Concrete', 'used_quantity': Decimal('2.603773584905660377358490565')}, {'panel_id': 35, 'material_id': 236, 'material': 'Concrete', 'used_quantity': Decimal('3.169811320754716981132075471')}, {'panel_id': 34, 'material_id': 236, 'material': 'Concrete', 'used_quantity': Decimal('3.169811320754716981132075471')}, {'panel_id': 29, 'material_id': 236, 'material': 'Concrete', 'used_quantity': Decimal('3.056603773584905660377358490')}, {'panel_id': 32, 'material_id': 236, 'material': 'Concrete', 'used_quantity': Decimal('1.754838709677419354838709677')}, {'panel_id': 86, 'material_id': 236, 'material': 'Concrete', 'used_quantity': Decimal('1.445161290322580645161290322')}]
Expected Materials: [{'panel_id': 80, 'material_id': 236, 'material': 'Concrete', 'expected_theoretical_quantity': Decimal('0.9000000000'), 'tendered_quantity': Decimal('0.945000000000')}, {'panel_id': 86, 'material_id': 236, 'material': 'Concrete', 'expected_theoretical_quantity': Decimal('1.4000000000'), 'tendered_quantity': Decimal('1.470000000000')}, {'panel_id': 32, 'material_id': 236, 'material': 'Concrete', 'expected_theoretical_quantity': Decimal('1.7000000000'), 'tendered_quantity': Decimal('1.785000000000')}, {'panel_id': 89, 'material_id': 236, 'material': 'Concrete', 'expected_theoretical_quantity': Decimal('2.4000000000'), 'tendered_quantity': Decimal('2.520000000000')}, {'panel_id': 87, 'material_id': 236, 'material': 'Concrete', 'expected_theoretical_quantity': Decimal('2.3000000000'), 'tendered_quantity': Decimal('2.415000000000')}, {'panel_id': 28, 'material_id': 236, 'material': 'Concrete', 'expected_theoretical_quantity': Decimal('2.7000000000'), 'tendered_quantity': Decimal('2.835000000000')}, {'panel_id': 34, 'material_id': 236, 'material': 'Concrete', 'expected_theoretical_quantity': Decimal('2.8000000000'), 'tendered_quantity': Decimal('2.940000000000')}, {'panel_id': 29, 'material_id': 236, 'material': 'Concrete', 'expected_theoretical_quantity': Decimal('2.7000000000'), 'tendered_quantity': Decimal('2.835000000000')}, {'panel_id': 35, 'material_id': 236, 'material': 'Concrete', 'expected_theoretical_quantity': Decimal('2.8000000000'), 'tendered_quantity': Decimal('2.940000000000')}]
Used Materials: [{'panel_id': 32, 'material_id': 236, 'material': 'Concrete', 'used_quantity': Decimal('0.4487309644670050761421319798')}, {'panel_id': 86, 'material_id': 236, 'material': 'Concrete', 'used_quantity': Decimal('0.3695431472081218274111675128')}, {'panel_id': 87, 'material_id': 236, 'material': 'Concrete', 'used_quantity': Decimal('0.6071065989847715736040609138')}, {'panel_id': 35, 'material_id': 236, 'material': 'Concrete', 'used_quantity': Decimal('0.7390862944162436548223350255')}, {'panel_id': 34, 'material_id': 236, 'material': 'Concrete', 'used_quantity': Decimal('0.7390862944162436548223350255')}, {'panel_id': 29, 'material_id': 236, 'material': 'Concrete', 'used_quantity': Decimal('0.7126903553299492385786802032')}, {'panel_id': 89, 'material_id': 236, 'material': 'Concrete', 'used_quantity': Decimal('0.6335025380710659898477157362')}, {'panel_id': 80, 'material_id': 236, 'material': 'Concrete', 'used_quantity': Decimal('0.2375634517766497461928934011')}, {'panel_id': 28, 'material_id': 236, 'material': 'Concrete', 'used_quantity': Decimal('0.7126903553299492385786802032')}, {'panel_id': 89, 'material_id': 236, 'material': 'Concrete', 'used_quantity': Decimal('2.440000000000000000000000001')}, {'panel_id': 80, 'material_id': 236, 'material': 'Concrete', 'used_quantity': Decimal('0.9150000000000000000000000003')}, {'panel_id': 28, 'material_id': 236, 'material': 'Concrete', 'used_quantity': Decimal('2.745000000000000000000000001')}, {'panel_id': 87, 'material_id': 236, 'material': 'Concrete', 'used_quantity': Decimal('2.603773584905660377358490565')}, {'panel_id': 35, 'material_id': 236, 'material': 'Concrete', 'used_quantity': Decimal('3.169811320754716981132075471')}, {'panel_id': 34, 'material_id': 236, 'material': 'Concrete', 'used_quantity': Decimal('3.169811320754716981132075471')}, {'panel_id': 29, 'material_id': 236, 'material': 'Concrete', 'used_quantity': Decimal('3.056603773584905660377358490')}, {'panel_id': 32, 'material_id': 236, 'material': 'Concrete', 'used_quantity': Decimal('1.754838709677419354838709677')}, {'panel_id': 86, 'material_id': 236, 'material': 'Concrete', 'used_quantity': Decimal('1.445161290322580645161290322')}]
Used Materials: [{'panel_id': 32, 'material_id': 236, 'material': 'Concrete', 'used_quantity': Decimal('0.4487309644670050761421319798')}, {'panel_id': 86, 'material_id': 236, 'material': 'Concrete', 'used_quantity': Decimal('0.3695431472081218274111675128')}, {'panel_id': 87, 'material_id': 236, 'material': 'Concrete', 'used_quantity': Decimal('0.6071065989847715736040609138')}, {'panel_id': 35, 'material_id': 236, 'material': 'Concrete', 'used_quantity': Decimal('0.7390862944162436548223350255')}, {'panel_id': 34, 'material_id': 236, 'material': 'Concrete', 'used_quantity': Decimal('0.7390862944162436548223350255')}, {'panel_id': 29, 'material_id': 236, 'material': 'Concrete', 'used_quantity': Decimal('0.7126903553299492385786802032')}, {'panel_id': 89, 'material_id': 236, 'material': 'Concrete', 'used_quantity': Decimal('0.6335025380710659898477157362')}, {'panel_id': 80, 'material_id': 236, 'material': 'Concrete', 'used_quantity': Decimal('0.2375634517766497461928934011')}, {'panel_id': 28, 'material_id': 236, 'material': 'Concrete', 'used_quantity': Decimal('0.7126903553299492385786802032')}, {'panel_id': 89, 'material_id': 236, 'material': 'Concrete', 'used_quantity': Decimal('2.440000000000000000000000001')}, {'panel_id': 80, 'material_id': 236, 'material': 'Concrete', 'used_quantity': Decimal('0.9150000000000000000000000003')}, {'panel_id': 28, 'material_id': 236, 'material': 'Concrete', 'used_quantity': Decimal('2.745000000000000000000000001')}, {'panel_id': 87, 'material_id': 236, 'material': 'Concrete', 'used_quantity': Decimal('2.603773584905660377358490565')}, {'panel_id': 35, 'material_id': 236, 'material': 'Concrete', 'used_quantity': Decimal('3.169811320754716981132075471')}, {'panel_id': 34, 'material_id': 236, 'material': 'Concrete', 'used_quantity': Decimal('3.169811320754716981132075471')}, {'panel_id': 29, 'material_id': 236, 'material': 'Concrete', 'used_quantity': Decimal('3.056603773584905660377358490')}, {'panel_id': 32, 'material_id': 236, 'material': 'Concrete', 'used_quantity': Decimal('1.754838709677419354838709677')}, {'panel_id': 86, 'material_id': 236, 'material': 'Concrete', 'used_quantity': Decimal('1.445161290322580645161290322')}]
Expected Materials: [{'panel_id': 80, 'material_id': 236, 'material': 'Concrete', 'expected_theoretical_quantity': Decimal('0.9000000000'), 'tendered_quantity': Decimal('0.945000000000')}, {'panel_id': 86, 'material_id': 236, 'material': 'Concrete', 'expected_theoretical_quantity': Decimal('1.4000000000'), 'tendered_quantity': Decimal('1.470000000000')}, {'panel_id': 32, 'material_id': 236, 'material': 'Concrete', 'expected_theoretical_quantity': Decimal('1.7000000000'), 'tendered_quantity': Decimal('1.785000000000')}, {'panel_id': 89, 'material_id': 236, 'material': 'Concrete', 'expected_theoretical_quantity': Decimal('2.4000000000'), 'tendered_quantity': Decimal('2.520000000000')}, {'panel_id': 87, 'material_id': 236, 'material': 'Concrete', 'expected_theoretical_quantity': Decimal('2.3000000000'), 'tendered_quantity': Decimal('2.415000000000')}, {'panel_id': 28, 'material_id': 236, 'material': 'Concrete', 'expected_theoretical_quantity': Decimal('2.7000000000'), 'tendered_quantity': Decimal('2.835000000000')}, {'panel_id': 34, 'material_id': 236, 'material': 'Concrete', 'expected_theoretical_quantity': Decimal('2.8000000000'), 'tendered_quantity': Decimal('2.940000000000')}, {'panel_id': 29, 'material_id': 236, 'material': 'Concrete', 'expected_theoretical_quantity': Decimal('2.7000000000'), 'tendered_quantity': Decimal('2.835000000000')}, {'panel_id': 35, 'material_id': 236, 'material': 'Concrete', 'expected_theoretical_quantity': Decimal('2.8000000000'), 'tendered_quantity': Decimal('2.940000000000')}]
Used Materials: [{'panel_id': 32, 'material_id': 236, 'material': 'Concrete', 'used_quantity': Decimal('0.4487309644670050761421319798')}, {'panel_id': 86, 'material_id': 236, 'material': 'Concrete', 'used_quantity': Decimal('0.3695431472081218274111675128')}, {'panel_id': 87, 'material_id': 236, 'material': 'Concrete', 'used_quantity': Decimal('0.6071065989847715736040609138')}, {'panel_id': 35, 'material_id': 236, 'material': 'Concrete', 'used_quantity': Decimal('0.7390862944162436548223350255')}, {'panel_id': 34, 'material_id': 236, 'material': 'Concrete', 'used_quantity': Decimal('0.7390862944162436548223350255')}, {'panel_id': 29, 'material_id': 236, 'material': 'Concrete', 'used_quantity': Decimal('0.7126903553299492385786802032')}, {'panel_id': 89, 'material_id': 236, 'material': 'Concrete', 'used_quantity': Decimal('0.6335025380710659898477157362')}, {'panel_id': 80, 'material_id': 236, 'material': 'Concrete', 'used_quantity': Decimal('0.2375634517766497461928934011')}, {'panel_id': 28, 'material_id': 236, 'material': 'Concrete', 'used_quantity': Decimal('0.7126903553299492385786802032')}, {'panel_id': 89, 'material_id': 236, 'material': 'Concrete', 'used_quantity': Decimal('2.440000000000000000000000001')}, {'panel_id': 80, 'material_id': 236, 'material': 'Concrete', 'used_quantity': Decimal('0.9150000000000000000000000003')}, {'panel_id': 28, 'material_id': 236, 'material': 'Concrete', 'used_quantity': Decimal('2.745000000000000000000000001')}, {'panel_id': 87, 'material_id': 236, 'material': 'Concrete', 'used_quantity': Decimal('2.603773584905660377358490565')}, {'panel_id': 35, 'material_id': 236, 'material': 'Concrete', 'used_quantity': Decimal('3.169811320754716981132075471')}, {'panel_id': 34, 'material_id': 236, 'material': 'Concrete', 'used_quantity': Decimal('3.169811320754716981132075471')}, {'panel_id': 29, 'material_id': 236, 'material': 'Concrete', 'used_quantity': Decimal('3.056603773584905660377358490')}, {'panel_id': 32, 'material_id': 236, 'material': 'Concrete', 'used_quantity': Decimal('1.754838709677419354838709677')}, {'panel_id': 86, 'material_id': 236, 'material': 'Concrete', 'used_quantity': Decimal('1.445161290322580645161290322')}]
Used Materials: [{'panel_id': 32, 'material_id': 236, 'material': 'Concrete', 'used_quantity': Decimal('0.4487309644670050761421319798')}, {'panel_id': 86, 'material_id': 236, 'material': 'Concrete', 'used_quantity': Decimal('0.3695431472081218274111675128')}, {'panel_id': 87, 'material_id': 236, 'material': 'Concrete', 'used_quantity': Decimal('0.6071065989847715736040609138')}, {'panel_id': 35, 'material_id': 236, 'material': 'Concrete', 'used_quantity': Decimal('0.7390862944162436548223350255')}, {'panel_id': 34, 'material_id': 236, 'material': 'Concrete', 'used_quantity': Decimal('0.7390862944162436548223350255')}, {'panel_id': 29, 'material_id': 236, 'material': 'Concrete', 'used_quantity': Decimal('0.7126903553299492385786802032')}, {'panel_id': 89, 'material_id': 236, 'material': 'Concrete', 'used_quantity': Decimal('0.6335025380710659898477157362')}, {'panel_id': 80, 'material_id': 236, 'material': 'Concrete', 'used_quantity': Decimal('0.2375634517766497461928934011')}, {'panel_id': 28, 'material_id': 236, 'material': 'Concrete', 'used_quantity': Decimal('0.7126903553299492385786802032')}, {'panel_id': 89, 'material_id': 236, 'material': 'Concrete', 'used_quantity': Decimal('2.440000000000000000000000001')}, {'panel_id': 80, 'material_id': 236, 'material': 'Concrete', 'used_quantity': Decimal('0.9150000000000000000000000003')}, {'panel_id': 28, 'material_id': 236, 'material': 'Concrete', 'used_quantity': Decimal('2.745000000000000000000000001')}, {'panel_id': 87, 'material_id': 236, 'material': 'Concrete', 'used_quantity': Decimal('2.603773584905660377358490565')}, {'panel_id': 35, 'material_id': 236, 'material': 'Concrete', 'used_quantity': Decimal('3.169811320754716981132075471')}, {'panel_id': 34, 'material_id': 236, 'material': 'Concrete', 'used_quantity': Decimal('3.169811320754716981132075471')}, {'panel_id': 29, 'material_id': 236, 'material': 'Concrete', 'used_quantity': Decimal('3.056603773584905660377358490')}, {'panel_id': 32, 'material_id': 236, 'material': 'Concrete', 'used_quantity': Decimal('1.754838709677419354838709677')}, {'panel_id': 86, 'material_id': 236, 'material': 'Concrete', 'used_quantity': Decimal('1.445161290322580645161290322')}]
Expected Materials: [{'panel_id': 80, 'material_id': 236, 'material': 'Concrete', 'expected_theoretical_quantity': Decimal('0.9000000000'), 'tendered_quantity': Decimal('0.945000000000')}, {'panel_id': 86, 'material_id': 236, 'material': 'Concrete', 'expected_theoretical_quantity': Decimal('1.4000000000'), 'tendered_quantity': Decimal('1.470000000000')}, {'panel_id': 32, 'material_id': 236, 'material': 'Concrete', 'expected_theoretical_quantity': Decimal('1.7000000000'), 'tendered_quantity': Decimal('1.785000000000')}, {'panel_id': 89, 'material_id': 236, 'material': 'Concrete', 'expected_theoretical_quantity': Decimal('2.4000000000'), 'tendered_quantity': Decimal('2.520000000000')}, {'panel_id': 87, 'material_id': 236, 'material': 'Concrete', 'expected_theoretical_quantity': Decimal('2.3000000000'), 'tendered_quantity': Decimal('2.415000000000')}, {'panel_id': 28, 'material_id': 236, 'material': 'Concrete', 'expected_theoretical_quantity': Decimal('2.7000000000'), 'tendered_quantity': Decimal('2.835000000000')}, {'panel_id': 34, 'material_id': 236, 'material': 'Concrete', 'expected_theoretical_quantity': Decimal('2.8000000000'), 'tendered_quantity': Decimal('2.940000000000')}, {'panel_id': 29, 'material_id': 236, 'material': 'Concrete', 'expected_theoretical_quantity': Decimal('2.7000000000'), 'tendered_quantity': Decimal('2.835000000000')}, {'panel_id': 35, 'material_id': 236, 'material': 'Concrete', 'expected_theoretical_quantity': Decimal('2.8000000000'), 'tendered_quantity': Decimal('2.940000000000')}]
Used Materials: [{'panel_id': 32, 'material_id': 236, 'material': 'Concrete', 'used_quantity': Decimal('0.4487309644670050761421319798')}, {'panel_id': 86, 'material_id': 236, 'material': 'Concrete', 'used_quantity': Decimal('0.3695431472081218274111675128')}, {'panel_id': 87, 'material_id': 236, 'material': 'Concrete', 'used_quantity': Decimal('0.6071065989847715736040609138')}, {'panel_id': 35, 'material_id': 236, 'material': 'Concrete', 'used_quantity': Decimal('0.7390862944162436548223350255')}, {'panel_id': 34, 'material_id': 236, 'material': 'Concrete', 'used_quantity': Decimal('0.7390862944162436548223350255')}, {'panel_id': 29, 'material_id': 236, 'material': 'Concrete', 'used_quantity': Decimal('0.7126903553299492385786802032')}, {'panel_id': 89, 'material_id': 236, 'material': 'Concrete', 'used_quantity': Decimal('0.6335025380710659898477157362')}, {'panel_id': 80, 'material_id': 236, 'material': 'Concrete', 'used_quantity': Decimal('0.2375634517766497461928934011')}, {'panel_id': 28, 'material_id': 236, 'material': 'Concrete', 'used_quantity': Decimal('0.7126903553299492385786802032')}, {'panel_id': 89, 'material_id': 236, 'material': 'Concrete', 'used_quantity': Decimal('2.440000000000000000000000001')}, {'panel_id': 80, 'material_id': 236, 'material': 'Concrete', 'used_quantity': Decimal('0.9150000000000000000000000003')}, {'panel_id': 28, 'material_id': 236, 'material': 'Concrete', 'used_quantity': Decimal('2.745000000000000000000000001')}, {'panel_id': 87, 'material_id': 236, 'material': 'Concrete', 'used_quantity': Decimal('2.603773584905660377358490565')}, {'panel_id': 35, 'material_id': 236, 'material': 'Concrete', 'used_quantity': Decimal('3.169811320754716981132075471')}, {'panel_id': 34, 'material_id': 236, 'material': 'Concrete', 'used_quantity': Decimal('3.169811320754716981132075471')}, {'panel_id': 29, 'material_id': 236, 'material': 'Concrete', 'used_quantity': Decimal('3.056603773584905660377358490')}, {'panel_id': 32, 'material_id': 236, 'material': 'Concrete', 'used_quantity': Decimal('1.754838709677419354838709677')}, {'panel_id': 86, 'material_id': 236, 'material': 'Concrete', 'used_quantity': Decimal('1.445161290322580645161290322')}]
Used Materials: [{'panel_id': 32, 'material_id': 236, 'material': 'Concrete', 'used_quantity': Decimal('0.4487309644670050761421319798')}, {'panel_id': 86, 'material_id': 236, 'material': 'Concrete', 'used_quantity': Decimal('0.3695431472081218274111675128')}, {'panel_id': 87, 'material_id': 236, 'material': 'Concrete', 'used_quantity': Decimal('0.6071065989847715736040609138')}, {'panel_id': 35, 'material_id': 236, 'material': 'Concrete', 'used_quantity': Decimal('0.7390862944162436548223350255')}, {'panel_id': 34, 'material_id': 236, 'material': 'Concrete', 'used_quantity': Decimal('0.7390862944162436548223350255')}, {'panel_id': 29, 'material_id': 236, 'material': 'Concrete', 'used_quantity': Decimal('0.7126903553299492385786802032')}, {'panel_id': 89, 'material_id': 236, 'material': 'Concrete', 'used_quantity': Decimal('0.6335025380710659898477157362')}, {'panel_id': 80, 'material_id': 236, 'material': 'Concrete', 'used_quantity': Decimal('0.2375634517766497461928934011')}, {'panel_id': 28, 'material_id': 236, 'material': 'Concrete', 'used_quantity': Decimal('0.7126903553299492385786802032')}, {'panel_id': 89, 'material_id': 236, 'material': 'Concrete', 'used_quantity': Decimal('2.440000000000000000000000001')}, {'panel_id': 80, 'material_id': 236, 'material': 'Concrete', 'used_quantity': Decimal('0.9150000000000000000000000003')}, {'panel_id': 28, 'material_id': 236, 'material': 'Concrete', 'used_quantity': Decimal('2.745000000000000000000000001')}, {'panel_id': 87, 'material_id': 236, 'material': 'Concrete', 'used_quantity': Decimal('2.603773584905660377358490565')}, {'panel_id': 35, 'material_id': 236, 'material': 'Concrete', 'used_quantity': Decimal('3.169811320754716981132075471')}, {'panel_id': 34, 'material_id': 236, 'material': 'Concrete', 'used_quantity': Decimal('3.169811320754716981132075471')}, {'panel_id': 29, 'material_id': 236, 'material': 'Concrete', 'used_quantity': Decimal('3.056603773584905660377358490')}, {'panel_id': 32, 'material_id': 236, 'material': 'Concrete', 'used_quantity': Decimal('1.754838709677419354838709677')}, {'panel_id': 86, 'material_id': 236, 'material': 'Concrete', 'used_quantity': Decimal('1.445161290322580645161290322')}]
Expected Materials: [{'panel_id': 80, 'material_id': 236, 'material': 'Concrete', 'expected_theoretical_quantity': Decimal('0.9000000000'), 'tendered_quantity': Decimal('0.945000000000')}, {'panel_id': 86, 'material_id': 236, 'material': 'Concrete', 'expected_theoretical_quantity': Decimal('1.4000000000'), 'tendered_quantity': Decimal('1.470000000000')}, {'panel_id': 32, 'material_id': 236, 'material': 'Concrete', 'expected_theoretical_quantity': Decimal('1.7000000000'), 'tendered_quantity': Decimal('1.785000000000')}, {'panel_id': 89, 'material_id': 236, 'material': 'Concrete', 'expected_theoretical_quantity': Decimal('2.4000000000'), 'tendered_quantity': Decimal('2.520000000000')}, {'panel_id': 87, 'material_id': 236, 'material': 'Concrete', 'expected_theoretical_quantity': Decimal('2.3000000000'), 'tendered_quantity': Decimal('2.415000000000')}, {'panel_id': 28, 'material_id': 236, 'material': 'Concrete', 'expected_theoretical_quantity': Decimal('2.7000000000'), 'tendered_quantity': Decimal('2.835000000000')}, {'panel_id': 34, 'material_id': 236, 'material': 'Concrete', 'expected_theoretical_quantity': Decimal('2.8000000000'), 'tendered_quantity': Decimal('2.940000000000')}, {'panel_id': 29, 'material_id': 236, 'material': 'Concrete', 'expected_theoretical_quantity': Decimal('2.7000000000'), 'tendered_quantity': Decimal('2.835000000000')}, {'panel_id': 35, 'material_id': 236, 'material': 'Concrete', 'expected_theoretical_quantity': Decimal('2.8000000000'), 'tendered_quantity': Decimal('2.940000000000')}]
Not Found: /favicon.ico
/Users/brianhooke/Library/Mobile Documents/com~apple~CloudDocs/Coding/precast_app/precast_app/homepage/models.py changed, reloading.
Watching for file changes with StatReloader
Not Found: /favicon.ico
Not Found: /favicon.ico
/Users/brianhooke/Library/Mobile Documents/com~apple~CloudDocs/Coding/precast_app/precast_app/homepage/models.py changed, reloading.
Watching for file changes with StatReloader
Not Found: /favicon.ico
/Users/brianhooke/Library/Mobile Documents/com~apple~CloudDocs/Coding/precast_app/precast_app/homepage/models.py changed, reloading.
Watching for file changes with StatReloader
Not Found: /favicon.ico
/Users/brianhooke/Library/Mobile Documents/com~apple~CloudDocs/Coding/precast_app/precast_app/homepage/models.py changed, reloading.
Watching for file changes with StatReloader
Not Found: /favicon.ico
Not Found: /favicon.ico
/Users/brianhooke/Library/Mobile Documents/com~apple~CloudDocs/Coding/precast_app/precast_app/homepage/models.py changed, reloading.
Watching for file changes with StatReloader
Used Materials: [{'panel_id': 32, 'material_id': 236, 'material': 'Concrete', 'used_quantity': Decimal('0.4487309644670050761421319798')}, {'panel_id': 86, 'material_id': 236, 'material': 'Concrete', 'used_quantity': Decimal('0.3695431472081218274111675128')}, {'panel_id': 87, 'material_id': 236, 'material': 'Concrete', 'used_quantity': Decimal('0.6071065989847715736040609138')}, {'panel_id': 35, 'material_id': 236, 'material': 'Concrete', 'used_quantity': Decimal('0.7390862944162436548223350255')}, {'panel_id': 34, 'material_id': 236, 'material': 'Concrete', 'used_quantity': Decimal('0.7390862944162436548223350255')}, {'panel_id': 29, 'material_id': 236, 'material': 'Concrete', 'used_quantity': Decimal('0.7126903553299492385786802032')}, {'panel_id': 89, 'material_id': 236, 'material': 'Concrete', 'used_quantity': Decimal('0.6335025380710659898477157362')}, {'panel_id': 80, 'material_id': 236, 'material': 'Concrete', 'used_quantity': Decimal('0.2375634517766497461928934011')}, {'panel_id': 28, 'material_id': 236, 'material': 'Concrete', 'used_quantity': Decimal('0.7126903553299492385786802032')}, {'panel_id': 89, 'material_id': 236, 'material': 'Concrete', 'used_quantity': Decimal('2.440000000000000000000000001')}, {'panel_id': 80, 'material_id': 236, 'material': 'Concrete', 'used_quantity': Decimal('0.9150000000000000000000000003')}, {'panel_id': 28, 'material_id': 236, 'material': 'Concrete', 'used_quantity': Decimal('2.745000000000000000000000001')}, {'panel_id': 87, 'material_id': 236, 'material': 'Concrete', 'used_quantity': Decimal('2.603773584905660377358490565')}, {'panel_id': 35, 'material_id': 236, 'material': 'Concrete', 'used_quantity': Decimal('3.169811320754716981132075471')}, {'panel_id': 34, 'material_id': 236, 'material': 'Concrete', 'used_quantity': Decimal('3.169811320754716981132075471')}, {'panel_id': 29, 'material_id': 236, 'material': 'Concrete', 'used_quantity': Decimal('3.056603773584905660377358490')}, {'panel_id': 32, 'material_id': 236, 'material': 'Concrete', 'used_quantity': Decimal('1.754838709677419354838709677')}, {'panel_id': 86, 'material_id': 236, 'material': 'Concrete', 'used_quantity': Decimal('1.445161290322580645161290322')}]
Used Materials: [{'panel_id': 32, 'material_id': 236, 'material': 'Concrete', 'used_quantity': Decimal('0.4487309644670050761421319798')}, {'panel_id': 86, 'material_id': 236, 'material': 'Concrete', 'used_quantity': Decimal('0.3695431472081218274111675128')}, {'panel_id': 87, 'material_id': 236, 'material': 'Concrete', 'used_quantity': Decimal('0.6071065989847715736040609138')}, {'panel_id': 35, 'material_id': 236, 'material': 'Concrete', 'used_quantity': Decimal('0.7390862944162436548223350255')}, {'panel_id': 34, 'material_id': 236, 'material': 'Concrete', 'used_quantity': Decimal('0.7390862944162436548223350255')}, {'panel_id': 29, 'material_id': 236, 'material': 'Concrete', 'used_quantity': Decimal('0.7126903553299492385786802032')}, {'panel_id': 89, 'material_id': 236, 'material': 'Concrete', 'used_quantity': Decimal('0.6335025380710659898477157362')}, {'panel_id': 80, 'material_id': 236, 'material': 'Concrete', 'used_quantity': Decimal('0.2375634517766497461928934011')}, {'panel_id': 28, 'material_id': 236, 'material': 'Concrete', 'used_quantity': Decimal('0.7126903553299492385786802032')}, {'panel_id': 89, 'material_id': 236, 'material': 'Concrete', 'used_quantity': Decimal('2.440000000000000000000000001')}, {'panel_id': 80, 'material_id': 236, 'material': 'Concrete', 'used_quantity': Decimal('0.9150000000000000000000000003')}, {'panel_id': 28, 'material_id': 236, 'material': 'Concrete', 'used_quantity': Decimal('2.745000000000000000000000001')}, {'panel_id': 87, 'material_id': 236, 'material': 'Concrete', 'used_quantity': Decimal('2.603773584905660377358490565')}, {'panel_id': 35, 'material_id': 236, 'material': 'Concrete', 'used_quantity': Decimal('3.169811320754716981132075471')}, {'panel_id': 34, 'material_id': 236, 'material': 'Concrete', 'used_quantity': Decimal('3.169811320754716981132075471')}, {'panel_id': 29, 'material_id': 236, 'material': 'Concrete', 'used_quantity': Decimal('3.056603773584905660377358490')}, {'panel_id': 32, 'material_id': 236, 'material': 'Concrete', 'used_quantity': Decimal('1.754838709677419354838709677')}, {'panel_id': 86, 'material_id': 236, 'material': 'Concrete', 'used_quantity': Decimal('1.445161290322580645161290322')}]
Expected Materials: [{'panel_id': 80, 'material_id': 236, 'material': 'Concrete', 'expected_theoretical_quantity': Decimal('0.9000000000'), 'tendered_quantity': Decimal('0.945000000000')}, {'panel_id': 86, 'material_id': 236, 'material': 'Concrete', 'expected_theoretical_quantity': Decimal('1.4000000000'), 'tendered_quantity': Decimal('1.470000000000')}, {'panel_id': 32, 'material_id': 236, 'material': 'Concrete', 'expected_theoretical_quantity': Decimal('1.7000000000'), 'tendered_quantity': Decimal('1.785000000000')}, {'panel_id': 89, 'material_id': 236, 'material': 'Concrete', 'expected_theoretical_quantity': Decimal('2.4000000000'), 'tendered_quantity': Decimal('2.520000000000')}, {'panel_id': 87, 'material_id': 236, 'material': 'Concrete', 'expected_theoretical_quantity': Decimal('2.3000000000'), 'tendered_quantity': Decimal('2.415000000000')}, {'panel_id': 28, 'material_id': 236, 'material': 'Concrete', 'expected_theoretical_quantity': Decimal('2.7000000000'), 'tendered_quantity': Decimal('2.835000000000')}, {'panel_id': 34, 'material_id': 236, 'material': 'Concrete', 'expected_theoretical_quantity': Decimal('2.8000000000'), 'tendered_quantity': Decimal('2.940000000000')}, {'panel_id': 29, 'material_id': 236, 'material': 'Concrete', 'expected_theoretical_quantity': Decimal('2.7000000000'), 'tendered_quantity': Decimal('2.835000000000')}, {'panel_id': 35, 'material_id': 236, 'material': 'Concrete', 'expected_theoretical_quantity': Decimal('2.8000000000'), 'tendered_quantity': Decimal('2.940000000000')}]
Used Materials: [{'panel_id': 32, 'material_id': 236, 'material': 'Concrete', 'used_quantity': Decimal('0.4487309644670050761421319798')}, {'panel_id': 86, 'material_id': 236, 'material': 'Concrete', 'used_quantity': Decimal('0.3695431472081218274111675128')}, {'panel_id': 87, 'material_id': 236, 'material': 'Concrete', 'used_quantity': Decimal('0.6071065989847715736040609138')}, {'panel_id': 35, 'material_id': 236, 'material': 'Concrete', 'used_quantity': Decimal('0.7390862944162436548223350255')}, {'panel_id': 34, 'material_id': 236, 'material': 'Concrete', 'used_quantity': Decimal('0.7390862944162436548223350255')}, {'panel_id': 29, 'material_id': 236, 'material': 'Concrete', 'used_quantity': Decimal('0.7126903553299492385786802032')}, {'panel_id': 89, 'material_id': 236, 'material': 'Concrete', 'used_quantity': Decimal('0.6335025380710659898477157362')}, {'panel_id': 80, 'material_id': 236, 'material': 'Concrete', 'used_quantity': Decimal('0.2375634517766497461928934011')}, {'panel_id': 28, 'material_id': 236, 'material': 'Concrete', 'used_quantity': Decimal('0.7126903553299492385786802032')}, {'panel_id': 89, 'material_id': 236, 'material': 'Concrete', 'used_quantity': Decimal('2.440000000000000000000000001')}, {'panel_id': 80, 'material_id': 236, 'material': 'Concrete', 'used_quantity': Decimal('0.9150000000000000000000000003')}, {'panel_id': 28, 'material_id': 236, 'material': 'Concrete', 'used_quantity': Decimal('2.745000000000000000000000001')}, {'panel_id': 87, 'material_id': 236, 'material': 'Concrete', 'used_quantity': Decimal('2.603773584905660377358490565')}, {'panel_id': 35, 'material_id': 236, 'material': 'Concrete', 'used_quantity': Decimal('3.169811320754716981132075471')}, {'panel_id': 34, 'material_id': 236, 'material': 'Concrete', 'used_quantity': Decimal('3.169811320754716981132075471')}, {'panel_id': 29, 'material_id': 236, 'material': 'Concrete', 'used_quantity': Decimal('3.056603773584905660377358490')}, {'panel_id': 32, 'material_id': 236, 'material': 'Concrete', 'used_quantity': Decimal('1.754838709677419354838709677')}, {'panel_id': 86, 'material_id': 236, 'material': 'Concrete', 'used_quantity': Decimal('1.445161290322580645161290322')}]
Used Materials: [{'panel_id': 32, 'material_id': 236, 'material': 'Concrete', 'used_quantity': Decimal('0.4487309644670050761421319798')}, {'panel_id': 86, 'material_id': 236, 'material': 'Concrete', 'used_quantity': Decimal('0.3695431472081218274111675128')}, {'panel_id': 87, 'material_id': 236, 'material': 'Concrete', 'used_quantity': Decimal('0.6071065989847715736040609138')}, {'panel_id': 35, 'material_id': 236, 'material': 'Concrete', 'used_quantity': Decimal('0.7390862944162436548223350255')}, {'panel_id': 34, 'material_id': 236, 'material': 'Concrete', 'used_quantity': Decimal('0.7390862944162436548223350255')}, {'panel_id': 29, 'material_id': 236, 'material': 'Concrete', 'used_quantity': Decimal('0.7126903553299492385786802032')}, {'panel_id': 89, 'material_id': 236, 'material': 'Concrete', 'used_quantity': Decimal('0.6335025380710659898477157362')}, {'panel_id': 80, 'material_id': 236, 'material': 'Concrete', 'used_quantity': Decimal('0.2375634517766497461928934011')}, {'panel_id': 28, 'material_id': 236, 'material': 'Concrete', 'used_quantity': Decimal('0.7126903553299492385786802032')}, {'panel_id': 89, 'material_id': 236, 'material': 'Concrete', 'used_quantity': Decimal('2.440000000000000000000000001')}, {'panel_id': 80, 'material_id': 236, 'material': 'Concrete', 'used_quantity': Decimal('0.9150000000000000000000000003')}, {'panel_id': 28, 'material_id': 236, 'material': 'Concrete', 'used_quantity': Decimal('2.745000000000000000000000001')}, {'panel_id': 87, 'material_id': 236, 'material': 'Concrete', 'used_quantity': Decimal('2.603773584905660377358490565')}, {'panel_id': 35, 'material_id': 236, 'material': 'Concrete', 'used_quantity': Decimal('3.169811320754716981132075471')}, {'panel_id': 34, 'material_id': 236, 'material': 'Concrete', 'used_quantity': Decimal('3.169811320754716981132075471')}, {'panel_id': 29, 'material_id': 236, 'material': 'Concrete', 'used_quantity': Decimal('3.056603773584905660377358490')}, {'panel_id': 32, 'material_id': 236, 'material': 'Concrete', 'used_quantity': Decimal('1.754838709677419354838709677')}, {'panel_id': 86, 'material_id': 236, 'material': 'Concrete', 'used_quantity': Decimal('1.445161290322580645161290322')}]
Expected Materials: [{'panel_id': 80, 'material_id': 236, 'material': 'Concrete', 'expected_theoretical_quantity': Decimal('0.9000000000'), 'tendered_quantity': Decimal('0.945000000000')}, {'panel_id': 86, 'material_id': 236, 'material': 'Concrete', 'expected_theoretical_quantity': Decimal('1.4000000000'), 'tendered_quantity': Decimal('1.470000000000')}, {'panel_id': 32, 'material_id': 236, 'material': 'Concrete', 'expected_theoretical_quantity': Decimal('1.7000000000'), 'tendered_quantity': Decimal('1.785000000000')}, {'panel_id': 89, 'material_id': 236, 'material': 'Concrete', 'expected_theoretical_quantity': Decimal('2.4000000000'), 'tendered_quantity': Decimal('2.520000000000')}, {'panel_id': 87, 'material_id': 236, 'material': 'Concrete', 'expected_theoretical_quantity': Decimal('2.3000000000'), 'tendered_quantity': Decimal('2.415000000000')}, {'panel_id': 28, 'material_id': 236, 'material': 'Concrete', 'expected_theoretical_quantity': Decimal('2.7000000000'), 'tendered_quantity': Decimal('2.835000000000')}, {'panel_id': 34, 'material_id': 236, 'material': 'Concrete', 'expected_theoretical_quantity': Decimal('2.8000000000'), 'tendered_quantity': Decimal('2.940000000000')}, {'panel_id': 29, 'material_id': 236, 'material': 'Concrete', 'expected_theoretical_quantity': Decimal('2.7000000000'), 'tendered_quantity': Decimal('2.835000000000')}, {'panel_id': 35, 'material_id': 236, 'material': 'Concrete', 'expected_theoretical_quantity': Decimal('2.8000000000'), 'tendered_quantity': Decimal('2.940000000000')}]
